============================= test session starts =============================
platform win32 -- Python 3.9.12, pytest-7.1.1, pluggy-1.0.0
rootdir: C:\Users\Henri\Documents\gits\gh-colibrITD\mpqp, configfile: pytest.ini
plugins: anyio-3.5.0, typeguard-4.1.5
collected 1 item
run-last-failure: rerun previous 1 failure (skipped 29 files)

tests\test_doc.py .                                                      [100%]

============================== warnings summary ===============================
..\..\..\..\anaconda3\lib\site-packages\pkg_resources\__init__.py:2761
..\..\..\..\anaconda3\lib\site-packages\pkg_resources\__init__.py:2761
..\..\..\..\anaconda3\lib\site-packages\pkg_resources\__init__.py:2761
..\..\..\..\anaconda3\lib\site-packages\pkg_resources\__init__.py:2761
..\..\..\..\anaconda3\lib\site-packages\pkg_resources\__init__.py:2761
..\..\..\..\anaconda3\lib\site-packages\pkg_resources\__init__.py:2761
..\..\..\..\anaconda3\lib\site-packages\pkg_resources\__init__.py:2761
  C:\Users\Henri\anaconda3\lib\site-packages\pkg_resources\__init__.py:2761: DeprecationWarning: !!
  
  
              *************************************************************************
              Invalid version: 'qp' (package: -)
  
  
              This is a long overdue deprecation.
              For the time being, `pkg_resources` will use `0.dev0+sanitized.qp`
              as a replacement to avoid breaking existing environments,
              but no future compatibility is guaranteed.
  
              If you maintain package - you should implement
              the relevant changes to adequate the project to PEP 440 immediately.
              *************************************************************************
              
  
  !!
              
    warnings.warn(msg, DeprecationWarning)

tests/test_doc.py::test_documentation
  C:\Users\Henri\anaconda3\lib\site-packages\pyreadline\py3k_compat.py:8: DeprecationWarning: Using or importing the ABCs from 'collections' instead of from 'collections.abc' is deprecated since Python 3.3, and in 3.10 it will stop working
    return isinstance(x, collections.Callable)

tests/test_doc.py::test_documentation
  C:\Users\Henri\Documents\gits\gh-colibrITD\mpqp\mpqp\qasm\qasm_to_braket.py:107: UnsupportedBraketFeaturesWarning: 
  This program uses OpenQASM language features that may not be supported on QPUs or on-demand simulators.
    warnings.warn(

-- Docs: https://docs.pytest.org/en/stable/how-to/capture-warnings.html
======================== 1 passed, 9 warnings in 8.28s ========================
